<?xml version="1.0" encoding="UTF-8"?>
<testng-results skipped="0" failed="0" ignored="0" total="5" passed="5">
  <reporter-output>
  </reporter-output>
  <suite name="Default suite" duration-ms="8629" started-at="2019-10-18T12:35:39 IST" finished-at="2019-10-18T12:35:48 IST">
    <groups>
    </groups>
    <test name="Default test" duration-ms="8629" started-at="2019-10-18T12:35:39 IST" finished-at="2019-10-18T12:35:48 IST">
      <class name="ApiAssignment">
        <test-method status="PASS" signature="Get_Call_TC001()[pri:0, instance:ApiAssignment@7b49cea0]" name="Get_Call_TC001" duration-ms="5599" started-at="2019-10-18T12:35:39 IST" finished-at="2019-10-18T12:35:45 IST">
          <reporter-output>
          </reporter-output>
        </test-method> <!-- Get_Call_TC001 -->
        <test-method status="PASS" signature="Get_Call_TC002()[pri:0, instance:ApiAssignment@7b49cea0]" name="Get_Call_TC002" duration-ms="403" started-at="2019-10-18T12:35:45 IST" finished-at="2019-10-18T12:35:45 IST">
          <reporter-output>
          </reporter-output>
        </test-method> <!-- Get_Call_TC002 -->
        <test-method status="PASS" signature="Post_Call_TC001()[pri:0, instance:ApiAssignment@7b49cea0]" name="Post_Call_TC001" duration-ms="904" started-at="2019-10-18T12:35:45 IST" finished-at="2019-10-18T12:35:46 IST">
          <reporter-output>
          </reporter-output>
        </test-method> <!-- Post_Call_TC001 -->
        <test-method status="PASS" signature="Post_Call_TC002()[pri:0, instance:ApiAssignment@7b49cea0]" name="Post_Call_TC002" duration-ms="760" started-at="2019-10-18T12:35:46 IST" finished-at="2019-10-18T12:35:47 IST">
          <reporter-output>
          </reporter-output>
        </test-method> <!-- Post_Call_TC002 -->
        <test-method status="PASS" signature="Put_Call_TC001()[pri:0, instance:ApiAssignment@7b49cea0]" name="Put_Call_TC001" duration-ms="838" started-at="2019-10-18T12:35:47 IST" finished-at="2019-10-18T12:35:48 IST">
          <reporter-output>
          </reporter-output>
        </test-method> <!-- Put_Call_TC001 -->
      </class> <!-- ApiAssignment -->
    </test> <!-- Default test -->
  </suite> <!-- Default suite -->
</testng-results>
