<?xml version="1.0" encoding="UTF-8"?>
<!-- Generated by org.testng.reporters.JUnitXMLReporter -->
<testsuite hostname="STAR" ignored="0" tests="5" failures="0" timestamp="2019-10-18T12:35:48 IST" time="8.629" errors="0">
  <testcase name="Get_Call_TC001" time="5.599" classname="ApiAssignment"/>
  <testcase name="Get_Call_TC002" time="0.403" classname="ApiAssignment"/>
  <testcase name="Post_Call_TC001" time="0.904" classname="ApiAssignment"/>
  <testcase name="Post_Call_TC002" time="0.76" classname="ApiAssignment"/>
  <testcase name="Put_Call_TC001" time="0.838" classname="ApiAssignment"/>
</testsuite>
